----- scores_by_length -----
encs
BLEU
1-5 20.730000 21.570000 0.040521 143
6-10 16.090000 17.580000 0.092604 547
11-15 16.210000 19.150000 0.181370 603
16-20 16.770000 20.260000 0.208110 523
21-25 17.340000 19.550000 0.127451 453
26-30 18.600000 20.780000 0.117204 304
30-35 18.520000 21.270000 0.148488 212
36-40 19.330000 20.200000 0.045008 90
41-45 18.750000 20.150000 0.074667 67
46-50 18.990000 21.420000 0.127962 27
51-10000 21.570000 20.280000 -0.059805 30

CHRF1
1-5 51.870300 53.412100 0.029724 143
6-10 50.990300 51.953500 0.018890 547
11-15 52.519900 53.867400 0.025657 603
16-20 52.817000 54.916700 0.039754 523
21-25 54.295700 55.300000 0.018497 453
26-30 56.035600 57.074200 0.018535 304
30-35 54.927100 56.370300 0.026275 212
36-40 56.520300 56.854600 0.005915 90
41-45 54.520600 56.174200 0.030330 67
46-50 55.103200 55.223500 0.002183 27
51-10000 58.511300 57.563000 -0.016207 30

BLEU CHRF1
1-5 0.040521 0.029724 143
6-10 0.092604 0.018890 547
11-15 0.181370 0.025657 603
16-20 0.208110 0.039754 523
21-25 0.127451 0.018497 453
26-30 0.117204 0.018535 304
30-35 0.148488 0.026275 212
36-40 0.045008 0.005915 90
41-45 0.074667 0.030330 67
46-50 0.127962 0.002183 27
51-10000 -0.059805 -0.016207 30

ende
BLEU
1-5 20.670000 26.440000 0.279149 111
6-10 26.730000 30.450000 0.139169 557
11-15 24.500000 28.340000 0.156735 639
16-20 25.800000 29.510000 0.143798 562
21-25 24.990000 28.110000 0.124850 429
26-30 24.940000 27.650000 0.108661 298
30-35 25.510000 28.220000 0.106233 206
36-40 22.390000 25.790000 0.151854 83
41-45 28.140000 34.340000 0.220327 62
46-50 23.340000 26.150000 0.120394 25
51-10000 25.230000 28.820000 0.142291 27

CHRF1
1-5 55.371900 58.834600 0.062535 111
6-10 59.368900 61.605100 0.037666 557
11-15 58.960600 61.278900 0.039319 639
16-20 60.565500 62.301200 0.028658 562
21-25 60.367000 61.720800 0.022426 429
26-30 61.564900 62.305400 0.012028 298
30-35 60.906400 62.246500 0.022003 206
36-40 60.451900 61.530900 0.017849 83
41-45 62.348700 65.446900 0.049691 62
46-50 59.209300 60.016000 0.013625 25
51-10000 61.985300 63.097000 0.017935 27

BLEU CHRF1
1-5 0.279149 0.062535 111
6-10 0.139169 0.037666 557
11-15 0.156735 0.039319 639
16-20 0.143798 0.028658 562
21-25 0.124850 0.022426 429
26-30 0.108661 0.012028 298
30-35 0.106233 0.022003 206
36-40 0.151854 0.017849 83
41-45 0.220327 0.049691 62
46-50 0.120394 0.013625 25
51-10000 0.142291 0.017935 27

enfi
BLEU
1-5 14.690000 16.220000 0.104152 107
6-10 11.980000 14.650000 0.222871 542
11-15 9.660000 13.530000 0.400621 655
16-20 10.910000 13.390000 0.227314 592
21-25 10.450000 12.930000 0.237321 457
26-30 8.370000 10.990000 0.313023 266
30-35 9.410000 12.020000 0.277365 199
36-40 8.180000 9.500000 0.161369 80
41-45 9.630000 11.170000 0.159917 61
46-50 8.120000 10.020000 0.233990 22
51-10000 9.110000 7.880000 -0.135016 19

CHRF1
1-5 43.445400 45.798500 0.054162 107
6-10 48.610200 51.422700 0.057858 542
11-15 50.574400 53.088600 0.049713 655
16-20 50.744700 52.649700 0.037541 592
21-25 50.807000 52.624600 0.035775 457
26-30 50.712900 51.877200 0.022959 266
30-35 52.556600 53.145300 0.011201 199
36-40 51.869200 52.507000 0.012296 80
41-45 52.149400 51.482900 -0.012781 61
46-50 50.781700 49.603100 -0.023209 22
51-10000 51.983200 46.539500 -0.104720 19

BLEU CHRF1
1-5 0.104152 0.054162 107
6-10 0.222871 0.057858 542
11-15 0.400621 0.049713 655
16-20 0.227314 0.037541 592
21-25 0.237321 0.035775 457
26-30 0.313023 0.022959 266
30-35 0.277365 0.011201 199
36-40 0.161369 0.012296 80
41-45 0.159917 -0.012781 61
46-50 0.233990 -0.023209 22
51-10000 -0.135016 -0.104720 19

enro
BLEU
1-5 14.030000 17.190000 0.225232 78
6-10 21.310000 23.720000 0.113092 302
11-15 21.000000 23.680000 0.127619 358
16-20 22.860000 24.290000 0.062555 365
21-25 20.960000 22.050000 0.052004 302
26-30 22.620000 24.850000 0.098585 212
30-35 24.370000 24.360000 -0.000410 163
36-40 21.580000 24.140000 0.118628 70
41-45 24.310000 25.560000 0.051419 84
46-50 25.760000 30.220000 0.173137 29
51-10000 23.810000 23.250000 -0.023520 36

CHRF1
1-5 47.770200 48.699800 0.019460 78
6-10 51.685700 51.797000 0.002153 302
11-15 54.578900 54.580500 0.000029 358
16-20 55.137400 54.906500 -0.004188 365
21-25 55.287900 54.569400 -0.012996 302
26-30 56.367000 57.190300 0.014606 212
30-35 57.564300 57.038100 -0.009141 163
36-40 55.638200 56.769300 0.020330 70
41-45 58.332000 59.463200 0.019392 84
46-50 59.376300 61.353800 0.033305 29
51-10000 60.537300 57.687100 -0.047082 36

BLEU CHRF1
1-5 0.225232 0.019460 78
6-10 0.113092 0.002153 302
11-15 0.127619 0.000029 358
16-20 0.062555 -0.004188 365
21-25 0.052004 -0.012996 302
26-30 0.098585 0.014606 212
30-35 -0.000410 -0.009141 163
36-40 0.118628 0.020330 70
41-45 0.051419 0.019392 84
46-50 0.173137 0.033305 29
51-10000 -0.023520 -0.047082 36

enru
BLEU
1-5 20.340000 21.310000 0.047689 88
6-10 16.490000 19.590000 0.187993 494
11-15 17.640000 21.290000 0.206916 593
16-20 17.860000 20.190000 0.130459 532
21-25 18.520000 19.550000 0.055616 474
26-30 18.050000 19.840000 0.099169 313
30-35 17.190000 19.130000 0.112856 236
36-40 15.930000 17.870000 0.121783 111
41-45 17.390000 18.840000 0.083381 71
46-50 17.140000 15.720000 -0.082847 32
51-10000 21.120000 22.060000 0.044508 54

CHRF1
1-5 62.205000 60.349600 -0.029827 88
6-10 62.394700 63.217700 0.013190 494
11-15 65.507000 65.724600 0.003322 593
16-20 66.324600 66.708500 0.005788 532
21-25 67.504500 67.403600 -0.001495 474
26-30 68.440900 68.626300 0.002709 313
30-35 67.946100 68.330100 0.005652 236
36-40 68.823800 69.215100 0.005686 111
41-45 68.620600 68.170000 -0.006567 71
46-50 67.832600 65.398300 -0.035887 32
51-10000 73.276300 71.370700 -0.026006 54

BLEU CHRF1
1-5 0.047689 -0.029827 88
6-10 0.187993 0.013190 494
11-15 0.206916 0.003322 593
16-20 0.130459 0.005788 532
21-25 0.055616 -0.001495 474
26-30 0.099169 0.002709 313
30-35 0.112856 0.005652 236
36-40 0.121783 0.005686 111
41-45 0.083381 -0.006567 71
46-50 -0.082847 -0.035887 32
51-10000 0.044508 -0.026006 54

