----- scores_by_length -----
csen
BLEU
1-5 24.700000 22.540000 -0.087449 222
6-10 22.670000 23.210000 0.023820 722
11-15 22.980000 24.910000 0.083986 671
16-20 25.090000 26.630000 0.061379 561
21-25 26.530000 27.600000 0.040332 354
26-30 27.740000 27.750000 0.000360 225
30-35 29.950000 31.300000 0.045075 119
36-40 26.540000 26.520000 -0.000754 72
41-45 28.590000 29.000000 0.014341 33
46-50 27.740000 28.450000 0.025595 12
51-10000 32.160000 35.110000 0.091729 8

CHRF1
1-5 50.381300 50.943500 0.011159 222
6-10 53.884600 54.104100 0.004074 722
11-15 54.660400 55.696300 0.018952 671
16-20 56.723000 57.544100 0.014476 561
21-25 58.546900 59.001600 0.007766 354
26-30 60.489700 60.347500 -0.002351 225
30-35 61.724300 62.718800 0.016112 119
36-40 58.783400 58.999700 0.003680 72
41-45 60.522000 60.070500 -0.007460 33
46-50 61.892600 61.804700 -0.001420 12
51-10000 62.156100 63.736600 0.025428 8

BLEU CHRF1
1-5 -0.087449 0.011159 222
6-10 0.023820 0.004074 722
11-15 0.083986 0.018952 671
16-20 0.061379 0.014476 561
21-25 0.040332 0.007766 354
26-30 0.000360 -0.002351 225
30-35 0.045075 0.016112 119
36-40 -0.000754 0.003680 72
41-45 0.014341 -0.007460 33
46-50 0.025595 -0.001420 12
51-10000 0.091729 0.025428 8

deen
BLEU
1-5 23.750000 27.490000 0.157474 145
6-10 28.350000 31.050000 0.095238 635
11-15 27.610000 30.900000 0.119160 668
16-20 28.610000 32.400000 0.132471 550
21-25 30.430000 34.240000 0.125205 391
26-30 31.770000 35.450000 0.115833 262
30-35 30.260000 35.290000 0.166226 170
36-40 33.580000 38.920000 0.159023 80
41-45 33.390000 36.930000 0.106020 39
46-50 29.460000 34.200000 0.160896 34
51-10000 32.460000 36.830000 0.134627 25

CHRF1
1-5 55.819300 58.772500 0.052906 145
6-10 59.407500 60.542900 0.019112 635
11-15 59.120000 60.977200 0.031414 668
16-20 60.267100 62.155900 0.031340 550
21-25 62.040200 63.796600 0.028311 391
26-30 63.146300 64.506000 0.021533 262
30-35 62.901700 65.151600 0.035769 170
36-40 64.828000 67.956200 0.048254 80
41-45 64.227700 66.743900 0.039176 39
46-50 62.827100 64.194100 0.021758 34
51-10000 64.164900 66.159800 0.031090 25

BLEU CHRF1
1-5 0.157474 0.052906 145
6-10 0.095238 0.019112 635
11-15 0.119160 0.031414 668
16-20 0.132471 0.031340 550
21-25 0.125205 0.028311 391
26-30 0.115833 0.021533 262
30-35 0.166226 0.035769 170
36-40 0.159023 0.048254 80
41-45 0.106020 0.039176 39
46-50 0.160896 0.021758 34
51-10000 0.134627 0.031090 25

roen
BLEU
1-5 21.170000 21.450000 0.013226 96
6-10 27.560000 25.890000 -0.060595 272
11-15 30.310000 30.010000 -0.009898 357
16-20 31.660000 28.330000 -0.105180 329
21-25 29.070000 28.730000 -0.011696 270
26-30 30.410000 30.310000 -0.003288 242
30-35 30.140000 30.690000 0.018248 173
36-40 33.420000 31.020000 -0.071813 106
41-45 33.840000 31.200000 -0.078014 63
46-50 28.070000 28.550000 0.017100 50
51-10000 31.460000 27.810000 -0.116020 41

CHRF1
1-5 50.635700 49.190600 -0.028539 96
6-10 56.403000 54.696000 -0.030264 272
11-15 58.688400 58.729900 0.000707 357
16-20 60.342000 58.289600 -0.034013 329
21-25 59.328800 58.926200 -0.006786 270
26-30 60.736500 60.368200 -0.006064 242
30-35 61.249600 61.309400 0.000976 173
36-40 62.561100 61.274500 -0.020565 106
41-45 63.965800 62.384600 -0.024719 63
46-50 60.258600 60.418400 0.002652 50
51-10000 63.987800 60.725800 -0.050978 41

BLEU CHRF1
1-5 0.013226 -0.028539 96
6-10 -0.060595 -0.030264 272
11-15 -0.009898 0.000707 357
16-20 -0.105180 -0.034013 329
21-25 -0.011696 -0.006786 270
26-30 -0.003288 -0.006064 242
30-35 0.018248 0.000976 173
36-40 -0.071813 -0.020565 106
41-45 -0.078014 -0.024719 63
46-50 0.017100 0.002652 50
51-10000 -0.116020 -0.050978 41

ruen
BLEU
1-5 21.530000 21.480000 -0.002322 157
6-10 23.830000 23.110000 -0.030214 673
11-15 24.510000 24.760000 0.010200 705
16-20 24.980000 23.720000 -0.050440 532
21-25 24.240000 24.360000 0.004950 373
26-30 24.720000 23.730000 -0.040049 261
30-35 23.850000 22.680000 -0.049057 133
36-40 23.660000 21.830000 -0.077346 82
41-45 25.830000 22.650000 -0.123113 39
46-50 27.600000 26.590000 -0.036594 26
51-10000 25.770000 21.970000 -0.147458 17

CHRF1
1-5 51.783500 51.814900 0.000606 157
6-10 55.352000 53.941200 -0.025488 673
11-15 56.097700 55.374600 -0.012890 705
16-20 57.346500 55.338200 -0.035020 532
21-25 57.230600 55.992000 -0.021642 373
26-30 57.268200 55.813000 -0.025410 261
30-35 57.044000 55.586700 -0.025547 133
36-40 56.949800 55.699700 -0.021951 82
41-45 58.061300 55.379000 -0.046198 39
46-50 59.043300 57.244400 -0.030467 26
51-10000 58.389600 54.256200 -0.070790 17

BLEU CHRF1
1-5 -0.002322 0.000606 157
6-10 -0.030214 -0.025488 673
11-15 0.010200 -0.012890 705
16-20 -0.050440 -0.035020 532
21-25 0.004950 -0.021642 373
26-30 -0.040049 -0.025410 261
30-35 -0.049057 -0.025547 133
36-40 -0.077346 -0.021951 82
41-45 -0.123113 -0.046198 39
46-50 -0.036594 -0.030467 26
51-10000 -0.147458 -0.070790 17

