------------ overlaps (BLEU) encs ------------
- encs-nmt1 encs-nmt2 encs-smt1 encs-smt2
encs-nmt1 - 38.39 32.27 29.53
encs-nmt2 38.26 - 29.77 27.56
encs-smt1 32.28 29.88 - 54.06
encs-smt2 29.53 27.65 54.05 -
------------ overlaps (CHRF) encs ------------
- encs-nmt1 encs-nmt2 encs-smt1 encs-smt2
encs-nmt1 - 68.6630 65.6370 64.1480
encs-nmt2 68.6630 - 64.6126 63.2009
encs-smt1 65.6370 64.6126 - 77.6327
encs-smt2 64.1480 63.2009 77.6327 -
------------ overlaps (BLEU) ende ------------
- ende-nmt1 ende-nmt2 ende-nmt3 ende-smt1 ende-smt2 ende-smt3 ende-smt4 ende-smt5
ende-nmt1 - 47.64 46.12 39.94 34.88 33.23 33.51 32.64
ende-nmt2 47.46 - 40.97 34.49 32.26 30.85 28.94 28.12
ende-nmt3 46.10 41.11 - 37.16 34.76 33.65 33.97 31.86
ende-smt1 39.97 34.63 37.21 - 39.21 38.82 39.74 44.68
ende-smt2 34.77 32.29 34.66 39.07 - 46.21 43.88 37.41
ende-smt3 33.09 30.82 33.52 38.65 46.12 - 57.56 37.08
ende-smt4 33.59 29.07 34.06 39.81 44.06 57.82 - 39.97
ende-smt5 32.71 28.25 31.94 44.75 37.57 37.25 39.96 -
------------ overlaps (CHRF) ende ------------
- ende-nmt1 ende-nmt2 ende-nmt3 ende-smt1 ende-smt2 ende-smt3 ende-smt4 ende-smt5
ende-nmt1 - 74.2659 72.3400 70.6390 68.0509 66.8857 67.0131 67.0134
ende-nmt2 74.2659 - 69.6978 67.6860 65.8285 64.7341 64.3527 64.2123
ende-nmt3 72.3400 69.6978 - 68.4461 67.2667 66.5380 66.9343 66.4240
ende-smt1 70.6390 67.6860 68.4461 - 71.4071 71.1595 71.4581 74.3590
ende-smt2 68.0509 65.8285 67.2667 71.4071 - 74.1966 73.5037 70.7159
ende-smt3 66.8857 64.7341 66.5380 71.1595 74.1966 - 80.8281 70.5455
ende-smt4 67.0131 64.3527 66.9343 71.4581 73.5037 80.8281 - 71.5075
ende-smt5 67.0134 64.2123 66.4240 74.3590 70.7159 70.5455 71.5075 -
------------ overlaps (BLEU) enfi ------------
- enfi-nmt1 enfi-nmt2 enfi-smt1 enfi-smt2 enfi-smt3 enfi-smt4
enfi-nmt1 - 19.30 21.53 20.17 16.19 15.72
enfi-nmt2 19.30 - 15.55 15.94 13.83 12.33
enfi-smt1 21.51 15.54 - 28.56 21.99 21.04
enfi-smt2 20.20 15.97 28.64 - 26.14 27.82
enfi-smt3 16.18 13.83 22.00 26.08 - 19.62
enfi-smt4 15.74 12.35 21.08 27.80 19.66 -
------------ overlaps (CHRF) enfi ------------
- enfi-nmt1 enfi-nmt2 enfi-smt1 enfi-smt2 enfi-smt3 enfi-smt4
enfi-nmt1 - 56.0292 60.4495 58.2920 55.7514 56.0921
enfi-nmt2 56.0292 - 54.3012 54.4244 52.6890 52.3816
enfi-smt1 60.4495 54.3012 - 65.0732 60.3589 61.4196
enfi-smt2 58.2920 54.4244 65.0732 - 63.0888 65.4299
enfi-smt3 55.7514 52.6890 60.3589 63.0888 - 59.6434
enfi-smt4 56.0921 52.3816 61.4196 65.4299 59.6434 -
------------ overlaps (BLEU) enro ------------
- enro-nmt1 enro-nmt2 enro-smt1 enro-smt2 enro-smt4 enro-smt5
enro-nmt1 - 42.70 38.20 37.05 37.17 34.17
enro-nmt2 42.66 - 42.11 46.11 42.25 39.54
enro-smt1 38.23 42.18 - 51.78 49.96 53.56
enro-smt2 37.07 46.18 51.77 - 50.05 51.46
enro-smt4 37.17 42.29 49.92 50.02 - 48.72
enro-smt5 34.18 39.59 53.54 51.45 48.74 -
------------ overlaps (CHRF) enro ------------
- enro-nmt1 enro-nmt2 enro-smt1 enro-smt2 enro-smt4 enro-smt5
enro-nmt1 - 69.4652 67.3782 67.0210 66.9244 64.9704
enro-nmt2 69.4652 - 70.8291 72.6282 71.0321 69.3631
enro-smt1 67.3782 70.8291 - 76.2845 75.4575 76.8119
enro-smt2 67.0210 72.6282 76.2845 - 75.7705 76.3873
enro-smt4 66.9244 71.0321 75.4575 75.7705 - 75.0493
enro-smt5 64.9704 69.3631 76.8119 76.3873 75.0493 -
------------ overlaps (BLEU) enru ------------
- enru-nmt1 enru-nmt2 enru-smt1 enru-smt2 enru-smt3
enru-nmt1 - 35.58 31.96 29.69 27.75
enru-nmt2 35.52 - 32.68 29.68 27.27
enru-smt1 32.01 32.77 - 43.84 44.61
enru-smt2 29.67 29.70 43.75 - 41.74
enru-smt3 27.74 27.30 44.53 41.76 -
------------ overlaps (CHRF) enru ------------
- enru-nmt1 enru-nmt2 enru-smt1 enru-smt2 enru-smt3
enru-nmt1 - 75.1795 74.6896 72.8246 72.7181
enru-nmt2 75.1795 - 75.2451 72.5133 72.6937
enru-smt1 74.6896 75.2451 - 79.2808 80.8811
enru-smt2 72.8246 72.5133 79.2808 - 78.2830
enru-smt3 72.7181 72.6937 80.8811 78.2830 -
